1692918494506	geckodriver	INFO	Listening on 127.0.0.1:55095
1692918494889	mozrunner::runner	INFO	Running command: MOZ_CRASHREPORTER="1" MOZ_CRASHREPORTER_NO_REPORT="1" MOZ_CRASHREPORTER_SHUTDOWN="1" MOZ_NO_REMOTE="1" "/App ... s" "localhost" "-foreground" "-no-remote" "-profile" "/var/folders/yy/44xmxwls7djb_x_6_xw3qh6c0000gn/T/rust_mozprofilepDiLh9"
console.warn: services.settings: Ignoring preference override of remote settings server
console.warn: services.settings: Allow by setting MOZ_REMOTE_SETTINGS_DEVTOOLS=1 in the environment
1692918495290	Marionette	INFO	Marionette enabled
console.error: "Warning: unrecognized command line flag" "-remote-allow-hosts"
1692918495439	Marionette	INFO	Listening on port 55121
WebDriver BiDi listening on ws://127.0.0.1:55096
Read port: 55121
1692918495569	RemoteAgent	WARN	TLS certificate errors will be ignored for this session
UNSUPPORTED (log once): POSSIBLE ISSUE: unit 1 GLD_TEXTURE_INDEX_2D is unloadable and bound to sampler type (Float) - using zero texture because texture unloadable
DevTools listening on ws://127.0.0.1:55096/devtools/browser/557f0348-365a-4374-aa78-9d673f3f1833
1692918566022	geckodriver	INFO	Listening on 127.0.0.1:55319
1692918566532	mozrunner::runner	INFO	Running command: MOZ_CRASHREPORTER="1" MOZ_CRASHREPORTER_NO_REPORT="1" MOZ_CRASHREPORTER_SHUTDOWN="1" MOZ_NO_REMOTE="1" "/App ... s" "localhost" "-foreground" "-no-remote" "-profile" "/var/folders/yy/44xmxwls7djb_x_6_xw3qh6c0000gn/T/rust_mozprofileXmenwC"
console.warn: services.settings: Ignoring preference override of remote settings server
console.warn: services.settings: Allow by setting MOZ_REMOTE_SETTINGS_DEVTOOLS=1 in the environment
1692918566848	Marionette	INFO	Marionette enabled
console.error: "Warning: unrecognized command line flag" "-remote-allow-hosts"
1692918566941	Marionette	INFO	Listening on port 55328
WebDriver BiDi listening on ws://127.0.0.1:55320
Read port: 55328
1692918566996	RemoteAgent	WARN	TLS certificate errors will be ignored for this session
UNSUPPORTED (log once): POSSIBLE ISSUE: unit 1 GLD_TEXTURE_INDEX_2D is unloadable and bound to sampler type (Float) - using zero texture because texture unloadable
DevTools listening on ws://127.0.0.1:55320/devtools/browser/6cd681d1-13d4-4791-86eb-0cc37c80ccc1
1692918567927	Marionette	INFO	Stopped listening on port 55328
JavaScript error: resource://services-settings/Utils.sys.mjs, line 229: TypeError: NetworkError: Network request failed
1692918722601	geckodriver	INFO	Listening on 127.0.0.1:55387
1692918723077	mozrunner::runner	INFO	Running command: MOZ_CRASHREPORTER="1" MOZ_CRASHREPORTER_NO_REPORT="1" MOZ_CRASHREPORTER_SHUTDOWN="1" MOZ_NO_REMOTE="1" "/App ... s" "localhost" "-foreground" "-no-remote" "-profile" "/var/folders/yy/44xmxwls7djb_x_6_xw3qh6c0000gn/T/rust_mozprofile1Jqchf"
*** You are running in headless mode.
console.warn: services.settings: Ignoring preference override of remote settings server
console.warn: services.settings: Allow by setting MOZ_REMOTE_SETTINGS_DEVTOOLS=1 in the environment
1692918723296	Marionette	INFO	Marionette enabled
console.error: "Warning: unrecognized command line flag" "-remote-allow-hosts"
1692918723421	Marionette	INFO	Listening on port 55396
WebDriver BiDi listening on ws://127.0.0.1:55388
Read port: 55396
1692918723534	RemoteAgent	WARN	TLS certificate errors will be ignored for this session
[GFX1-]: RenderCompositorSWGL failed mapping default framebuffer, no dt
DevTools listening on ws://127.0.0.1:55388/devtools/browser/08137035-a462-49ed-a053-cce8c7037aaa
1692918724029	Marionette	INFO	Stopped listening on port 55396
JavaScript error: resource://services-settings/Utils.sys.mjs, line 229: TypeError: NetworkError: Network request failed
1692919271743	geckodriver	INFO	Listening on 127.0.0.1:55521
1692919272222	mozrunner::runner	INFO	Running command: MOZ_CRASHREPORTER="1" MOZ_CRASHREPORTER_NO_REPORT="1" MOZ_CRASHREPORTER_SHUTDOWN="1" MOZ_NO_REMOTE="1" "/App ... s" "localhost" "-foreground" "-no-remote" "-profile" "/var/folders/yy/44xmxwls7djb_x_6_xw3qh6c0000gn/T/rust_mozprofilehfGplG"
*** You are running in headless mode.
console.warn: services.settings: Ignoring preference override of remote settings server
console.warn: services.settings: Allow by setting MOZ_REMOTE_SETTINGS_DEVTOOLS=1 in the environment
1692919272420	Marionette	INFO	Marionette enabled
console.error: "Warning: unrecognized command line flag" "-remote-allow-hosts"
1692919272632	Marionette	INFO	Listening on port 55530
WebDriver BiDi listening on ws://127.0.0.1:55522
Read port: 55530
1692919272672	RemoteAgent	WARN	TLS certificate errors will be ignored for this session
[GFX1-]: RenderCompositorSWGL failed mapping default framebuffer, no dt
DevTools listening on ws://127.0.0.1:55522/devtools/browser/5381124d-5710-4e37-90bd-c7050cabc273
1692919273259	Marionette	INFO	Stopped listening on port 55530
console.error: services.settings: 
  main/quicksuggest Signature failed  TypeError: NetworkError: Network request failed
console.error: (new NetworkError("Network error: TypeError: NetworkError: Network request failed", "resource://services-settings/RemoteSettingsClient.sys.mjs", 111))
console.error: (new NetworkError("Network error: TypeError: NetworkError: Network request failed", "resource://services-settings/RemoteSettingsClient.sys.mjs", 111))
console.error: (new NetworkError("Network error: TypeError: NetworkError: Network request failed", "resource://services-settings/RemoteSettingsClient.sys.mjs", 111))
1692919341915	geckodriver	INFO	Listening on 127.0.0.1:55720
1692919342392	mozrunner::runner	INFO	Running command: MOZ_CRASHREPORTER="1" MOZ_CRASHREPORTER_NO_REPORT="1" MOZ_CRASHREPORTER_SHUTDOWN="1" MOZ_NO_REMOTE="1" "/App ... s" "localhost" "-foreground" "-no-remote" "-profile" "/var/folders/yy/44xmxwls7djb_x_6_xw3qh6c0000gn/T/rust_mozprofileBAo4dm"
*** You are running in headless mode.
console.warn: services.settings: Ignoring preference override of remote settings server
console.warn: services.settings: Allow by setting MOZ_REMOTE_SETTINGS_DEVTOOLS=1 in the environment
1692919342621	Marionette	INFO	Marionette enabled
console.error: "Warning: unrecognized command line flag" "-remote-allow-hosts"
1692919342749	Marionette	INFO	Listening on port 55728
WebDriver BiDi listening on ws://127.0.0.1:55721
Read port: 55728
1692919342861	RemoteAgent	WARN	TLS certificate errors will be ignored for this session
[GFX1-]: RenderCompositorSWGL failed mapping default framebuffer, no dt
DevTools listening on ws://127.0.0.1:55721/devtools/browser/14c947e3-9d3b-455e-88e3-071d86f55058
1692919343361	Marionette	INFO	Stopped listening on port 55728
console.error: services.settings: 
  main/quicksuggest Signature failed  TypeError: NetworkError: Network request failed
console.error: (new NetworkError("Network error: TypeError: NetworkError: Network request failed", "resource://services-settings/RemoteSettingsClient.sys.mjs", 111))
console.error: (new NetworkError("Network error: TypeError: NetworkError: Network request failed", "resource://services-settings/RemoteSettingsClient.sys.mjs", 111))
console.error: (new NetworkError("Network error: TypeError: NetworkError: Network request failed", "resource://services-settings/RemoteSettingsClient.sys.mjs", 111))
1692919715879	geckodriver	INFO	Listening on 127.0.0.1:55815
1692919716392	mozrunner::runner	INFO	Running command: MOZ_CRASHREPORTER="1" MOZ_CRASHREPORTER_NO_REPORT="1" MOZ_CRASHREPORTER_SHUTDOWN="1" MOZ_NO_REMOTE="1" "/App ... s" "localhost" "-foreground" "-no-remote" "-profile" "/var/folders/yy/44xmxwls7djb_x_6_xw3qh6c0000gn/T/rust_mozprofilexjtoBR"
console.warn: services.settings: Ignoring preference override of remote settings server
console.warn: services.settings: Allow by setting MOZ_REMOTE_SETTINGS_DEVTOOLS=1 in the environment
1692919716689	Marionette	INFO	Marionette enabled
console.error: "Warning: unrecognized command line flag" "-headless"
console.error: "Warning: unrecognized command line flag" "-remote-allow-hosts"
1692919716779	Marionette	INFO	Listening on port 55823
Read port: 55823
WebDriver BiDi listening on ws://127.0.0.1:55816
1692919716832	RemoteAgent	WARN	TLS certificate errors will be ignored for this session
UNSUPPORTED (log once): POSSIBLE ISSUE: unit 1 GLD_TEXTURE_INDEX_2D is unloadable and bound to sampler type (Float) - using zero texture because texture unloadable
DevTools listening on ws://127.0.0.1:55816/devtools/browser/82bd2eef-0729-4168-9d5a-69f67dfc0337
1692919717438	Marionette	INFO	Stopped listening on port 55823
console.error: services.settings: 
  main/quicksuggest Signature failed  TypeError: NetworkError: Network request failed
console.error: (new NetworkError("Network error: TypeError: NetworkError: Network request failed", "resource://services-settings/RemoteSettingsClient.sys.mjs", 111))
console.error: (new NetworkError("Network error: TypeError: NetworkError: Network request failed", "resource://services-settings/RemoteSettingsClient.sys.mjs", 111))
console.error: (new NetworkError("Network error: TypeError: NetworkError: Network request failed", "resource://services-settings/RemoteSettingsClient.sys.mjs", 111))
console.error: (new TypeError("watcher.browserElement.browsingContext is null", "resource://devtools/server/actors/watcher/target-helpers/frame-helper.js", 193))
1692921646350	Marionette	INFO	Stopped listening on port 55121
console.warn: TopSitesFeed: Failed to fetch data from Contile server: NetworkError when attempting to fetch resource.
